<?xml version="1.0" encoding="UTF-8"?>
<robot generator="Robot 5.0 (Python 3.10.4 on win32)" generated="20220506 14:23:32.339" rpa="false" schemaversion="3">
<suite id="s1" name="Demoo6 suite" source="C:\Users\hp\PycharmProjects\robot_project\selenium_suite\Demoo6_suite.robot">
<test id="s1-t1" name="TC1" line="6">
<kw name="Append To Environment Variable" library="OperatingSystem">
<arg>Path</arg>
<arg>C:\\Users\\hp\\PycharmProjects\\robot_project\\selenium_suite\\drive</arg>
<doc>Appends given ``values`` to environment variable ``name``.</doc>
<msg timestamp="20220506 14:23:32.792" level="INFO">Environment variable 'Path' set to value 'C:\Program Files (x86)\VMware\VMware Workstation\bin\;C:\MinGW\bin;C:\Program Files\Java\jdk1.8.0_231\bin;C:\Users\hp\.ipython;C:\Program Files\Java\jdk8\bin;C:\Program Files\Java\jre8\bin;bin\com.pantech.myModule;C:\Users\hp\eclipse-workspace;C:\WINDOWS\system32;C:\WINDOWS;C:\WINDOWS\System32\Wbem;C:\WINDOWS\System32\WindowsPowerShell\v1.0\;C:\WINDOWS\System32\OpenSSH\;C:\Program Files\Git\cmd;C:\Users\hp\AppData\Local\Programs\Python\Python310\Scripts\;C:\Users\hp\AppData\Local\Programs\Python\Python310\;C:\Users\hp\AppData\Local\Programs\Microsoft VS Code\bin;C:\Users\hp\PycharmProjects\robot_project\selenium_suite\drive'.</msg>
<status status="PASS" starttime="20220506 14:23:32.792" endtime="20220506 14:23:32.792"/>
</kw>
<kw name="Open Browser" library="SeleniumLibrary">
<arg>browser=chrome</arg>
<doc>Opens a new browser instance to the optional ``url``.</doc>
<msg timestamp="20220506 14:23:32.792" level="INFO">Opening browser 'chrome' to base url 'None'.</msg>
<status status="PASS" starttime="20220506 14:23:32.792" endtime="20220506 14:23:34.899"/>
</kw>
<kw name="Maximize Browser Window" library="SeleniumLibrary">
<doc>Maximizes current browser window.</doc>
<status status="PASS" starttime="20220506 14:23:34.940" endtime="20220506 14:23:35.236"/>
</kw>
<kw name="Set Selenium Implicit Wait" library="SeleniumLibrary">
<arg>30s</arg>
<doc>Sets the implicit wait value used by Selenium.</doc>
<status status="PASS" starttime="20220506 14:23:35.236" endtime="20220506 14:23:35.236"/>
</kw>
<kw name="Go To" library="SeleniumLibrary">
<arg>url=https://www.db4free.net/</arg>
<doc>Navigates the current browser window to the provided ``url``.</doc>
<msg timestamp="20220506 14:23:35.252" level="INFO">Opening url 'https://www.db4free.net/'</msg>
<status status="PASS" starttime="20220506 14:23:35.236" endtime="20220506 14:23:40.364"/>
</kw>
<kw name="Click Element" library="SeleniumLibrary">
<arg>link=phpMyAdmin »</arg>
<doc>Click the element identified by ``locator``.</doc>
<msg timestamp="20220506 14:23:40.365" level="INFO">Clicking element 'link=phpMyAdmin »'.</msg>
<status status="PASS" starttime="20220506 14:23:40.365" endtime="20220506 14:23:40.599"/>
</kw>
<kw name="Switch Window" library="SeleniumLibrary">
<arg>phpMyAdmin</arg>
<doc>Switches to browser window matching ``locator``.</doc>
<status status="PASS" starttime="20220506 14:23:40.600" endtime="20220506 14:23:56.405"/>
</kw>
<kw name="Input Text" library="SeleniumLibrary">
<arg>id=input_username</arg>
<arg>admin</arg>
<doc>Types the given ``text`` into the text field identified by ``locator``.</doc>
<msg timestamp="20220506 14:23:56.405" level="INFO">Typing text 'admin' into text field 'id=input_username'.</msg>
<status status="PASS" starttime="20220506 14:23:56.405" endtime="20220506 14:23:56.585"/>
</kw>
<kw name="Input Password" library="SeleniumLibrary">
<arg>id=input_password</arg>
<arg>admin123</arg>
<doc>Types the given password into the text field identified by ``locator``.</doc>
<msg timestamp="20220506 14:23:56.585" level="INFO">Typing password into text field 'id=input_password'.</msg>
<msg timestamp="20220506 14:23:56.675" level="INFO">Temporally setting log level to: NONE</msg>
<msg timestamp="20220506 14:23:56.773" level="INFO">Log level changed from NONE to INFO.</msg>
<status status="PASS" starttime="20220506 14:23:56.585" endtime="20220506 14:23:56.774"/>
</kw>
<kw name="Click Element" library="SeleniumLibrary">
<arg>id=input_go</arg>
<doc>Click the element identified by ``locator``.</doc>
<msg timestamp="20220506 14:23:56.775" level="INFO">Clicking element 'id=input_go'.</msg>
<status status="PASS" starttime="20220506 14:23:56.774" endtime="20220506 14:23:58.080"/>
</kw>
<kw name="Element Should Contain" library="SeleniumLibrary">
<arg>xpath=(//div[@role='alert'])[3]</arg>
<arg>Access denied for user</arg>
<doc>Verifies that element ``locator`` contains text ``expected``.</doc>
<msg timestamp="20220506 14:23:58.117" level="INFO">Element 'xpath=(//div[@role='alert'])[3]' contains text 'Access denied for user'.</msg>
<status status="PASS" starttime="20220506 14:23:58.080" endtime="20220506 14:23:58.117"/>
</kw>
<kw name="Close Window" library="SeleniumLibrary">
<doc>Closes currently opened and selected browser window/tab.</doc>
<status status="PASS" starttime="20220506 14:23:58.118" endtime="20220506 14:23:58.150"/>
</kw>
<kw name="Close Browser" library="SeleniumLibrary">
<doc>Closes the current browser.</doc>
<status status="PASS" starttime="20220506 14:23:58.156" endtime="20220506 14:24:00.438"/>
</kw>
<status status="PASS" starttime="20220506 14:23:32.792" endtime="20220506 14:24:00.438"/>
</test>
<status status="PASS" starttime="20220506 14:23:32.339" endtime="20220506 14:24:00.438"/>
</suite>
<statistics>
<total>
<stat pass="1" fail="0" skip="0">All Tests</stat>
</total>
<tag>
</tag>
<suite>
<stat pass="1" fail="0" skip="0" id="s1" name="Demoo6 suite">Demoo6 suite</stat>
</suite>
</statistics>
<errors>
</errors>
</robot>
